<?xml version="1.0" encoding="UTF-8"?>
<!-- Generated by org.testng.reporters.JUnitXMLReporter -->
<testsuite hostname="DESKTOP-T6L7DS5" ignored="3" name="Test(failed)" tests="8" failures="2" timestamp="05 Apr 2021 18:18:35 GMT" time="0.162" errors="0">
  <testcase name="test5" time="0.022" classname="com.testngdemo.tests.LandingPageTest">
    <skipped/>
  </testcase> <!-- test5 -->
  <testcase name="test5" time="0.0" classname="com.testngdemo.tests.LandingPageTest">
    <skipped/>
  </testcase> <!-- test5 -->
  <testcase name="test5" time="0.0" classname="com.testngdemo.tests.LandingPageTest">
    <skipped/>
  </testcase> <!-- test5 -->
  <testcase name="test5" time="0.0" classname="com.testngdemo.tests.LandingPageTest">
    <failure type="java.lang.AssertionError" message="expected [true] but found [false]">
      <![CDATA[java.lang.AssertionError: expected [true] but found [false]
at com.testngdemo.tests.LandingPageTest.test5(LandingPageTest.java:43)
... Removed 29 stack frames]]>
    </failure>
  </testcase> <!-- test5 -->
  <testcase name="test3" time="0.0" classname="com.testngdemo.tests.LandingPageTest">
    <skipped/>
  </testcase> <!-- test3 -->
  <testcase name="test3" time="0.016" classname="com.testngdemo.tests.LandingPageTest">
    <skipped/>
  </testcase> <!-- test3 -->
  <testcase name="test3" time="0.0" classname="com.testngdemo.tests.LandingPageTest">
    <skipped/>
  </testcase> <!-- test3 -->
  <testcase name="test3" time="0.0" classname="com.testngdemo.tests.LandingPageTest">
    <failure type="java.lang.AssertionError" message="expected [true] but found [false]">
      <![CDATA[java.lang.AssertionError: expected [true] but found [false]
at com.testngdemo.tests.LandingPageTest.test3(LandingPageTest.java:29)
... Removed 29 stack frames]]>
    </failure>
  </testcase> <!-- test3 -->
  <testcase name="test1" time="0.0" classname="com.testngdemo.tests.LandingPageTest">
    <ignored/>
  </testcase> <!-- test1 -->
  <testcase name="test2" time="0.0" classname="com.testngdemo.tests.LandingPageTest">
    <ignored/>
  </testcase> <!-- test2 -->
  <testcase name="test4" time="0.0" classname="com.testngdemo.tests.LandingPageTest">
    <ignored/>
  </testcase> <!-- test4 -->
</testsuite> <!-- Test(failed) -->
